[2025-09-20T14:09:50.926Z] ERROR: ❌ Booking creation error: Cast to ObjectId failed for value "68cac659c23ddc982ff136f" (type string) at path "_id" for model "User"
[2025-09-20T14:12:53.907Z] ERROR: ❌ Booking creation error: Cast to ObjectId failed for value "68cac659c23ddc982ff136f" (type string) at path "_id" for model "User"
[2025-09-21 16:24:12] ERROR: ❌ Payment verification error: Booking validation failed: amount: Amount is required
[2025-09-21 16:25:40] ERROR: ❌ Payment verification error: Booking validation failed: amount: Amount is required
[2025-09-21 16:37:07] ERROR: ❌ Payment verification error: Booking validation failed: amount: Amount is required
[2025-09-21 16:38:53] ERROR: ❌ Payment verification error: Booking validation failed: amount: Amount is required
[2025-09-21 16:48:58] ERROR: ❌ Payment verification error: amount is not defined
[2025-09-21 21:45:14] ERROR: ❌ Booking fetch failed: Cannot populate path `userId` because it is not in your schema. Set the `strictPopulate` option to false to override.
[2025-09-21 21:45:14] ERROR: ❌ Booking fetch failed: Cannot populate path `userId` because it is not in your schema. Set the `strictPopulate` option to false to override.
[2025-09-21 22:29:04] ERROR: ❌ Movie creation failed: Cannot create property 'showtimes' on string '68ca599b477786877ee98eb7'
[2025-09-21 22:29:08] ERROR: ❌ Movie creation failed: Cannot create property 'showtimes' on string '68ca599b477786877ee98eb7'
[2025-09-21 22:29:14] ERROR: ❌ Movie creation failed: Cannot create property 'showtimes' on string '68ca599b477786877ee98eb7'
[2025-09-21 22:29:36] ERROR: ❌ Movie creation failed: Cannot create property 'showtimes' on string '68ca599b477786877ee98eb7'
[2025-09-22 12:47:01] ERROR: ❌ Profile update error: User validation failed: password: Password must contain letters and numbers
[2025-09-22 12:47:06] ERROR: ❌ Profile update error: User validation failed: password: Password must contain letters and numbers
[2025-09-22 12:47:10] ERROR: ❌ Profile update error: User validation failed: password: Password must contain letters and numbers
[2025-09-22 12:47:10] ERROR: ❌ Profile update error: User validation failed: password: Password must contain letters and numbers
[2025-09-22 12:47:11] ERROR: ❌ Profile update error: User validation failed: password: Password must contain letters and numbers
[2025-09-22 12:47:11] ERROR: ❌ Profile update error: User validation failed: password: Password must contain letters and numbers
[2025-09-22 12:47:12] ERROR: ❌ Profile update error: User validation failed: password: Password must contain letters and numbers
[2025-09-22 12:47:16] ERROR: ❌ Profile update error: User validation failed: password: Password must contain letters and numbers
[2025-09-22 12:47:16] ERROR: ❌ Profile update error: User validation failed: password: Password must contain letters and numbers
[2025-09-22 12:47:17] ERROR: ❌ Profile update error: User validation failed: password: Password must contain letters and numbers
[2025-09-22 12:47:17] ERROR: ❌ Profile update error: User validation failed: password: Password must contain letters and numbers
[2025-09-22 12:47:17] ERROR: ❌ Profile update error: User validation failed: password: Password must contain letters and numbers
[2025-09-22 12:55:54] ERROR: ❌ Profile update error: User validation failed: password: Password must contain letters and numbers
[2025-09-22 12:56:33] ERROR: ❌ Profile update error: User validation failed: password: Password must contain letters and numbers
[2025-09-22 13:06:30] ERROR: ❌ Profile update error: User validation failed: password: Password must contain letters and numbers
[2025-09-22 13:11:06] ERROR: ❌ Profile update error: User validation failed: password: Password must contain letters and numbers
[2025-09-22 13:14:53] ERROR: ❌ Profile update error: User validation failed: password: Password must contain letters and numbers
[2025-09-22 13:20:46] ERROR: ❌ Profile update error: User validation failed: password: Password must contain letters and numbers
[2025-09-22 14:00:19] ERROR: ❌ Profile update error: User validation failed: password: Password must contain letters and numbers
[2025-09-22 14:07:19] ERROR: ❌ Profile update error: User validation failed: password: Password must contain letters and numbers
[2025-09-22 14:12:01] ERROR: ❌ Profile update error: User validation failed: password: Password must contain letters and numbers
[2025-09-22 16:02:53] ERROR: ❌ Profile update error: Cannot destructure property 'name' of 'req.body' as it is undefined.
[2025-09-22 16:04:34] ERROR: ❌ Profile update error: Cannot destructure property 'name' of 'req.body' as it is undefined.
[2025-09-22 21:49:25] ERROR: ❌ Forgot password error: Email failed after 3 attempts
[2025-09-22 23:37:25] ERROR: ❌ Forgot password error: Email failed after 3 attempts
[2025-09-22 23:38:38] ERROR: ❌ Forgot password error: Email failed after 3 attempts
[2025-09-23 00:21:46] ERROR: ❌ Forgot password error: Email failed after 3 attempts
[2025-09-23 00:24:02] ERROR: ❌ Forgot password error: Email failed after 3 attempts
[2025-09-23 02:39:43] ERROR: ❌ Error fetching movie by ID: Cannot read properties of undefined (reading 'toString')
[2025-09-23 02:39:43] ERROR: ❌ Error fetching movie by ID: Cannot read properties of undefined (reading 'toString')
[2025-09-23 02:39:43] ERROR: ❌ Error fetching movie by ID: Cannot read properties of undefined (reading 'toString')
[2025-09-23 02:39:43] ERROR: ❌ Error fetching movie by ID: Cannot read properties of undefined (reading 'toString')
[2025-09-23 02:39:57] ERROR: ❌ Error fetching movie by ID: Cannot read properties of undefined (reading 'toString')
[2025-09-23 02:39:57] ERROR: ❌ Error fetching movie by ID: Cannot read properties of undefined (reading 'toString')
[2025-09-23 02:39:57] ERROR: ❌ Error fetching movie by ID: Cannot read properties of undefined (reading 'toString')
[2025-09-23 02:39:58] ERROR: ❌ Error fetching movie by ID: Cannot read properties of undefined (reading 'toString')
[2025-09-23 02:40:03] ERROR: ❌ Error fetching movie by ID: Cannot read properties of undefined (reading 'toString')
[2025-09-23 02:40:04] ERROR: ❌ Error fetching movie by ID: Cannot read properties of undefined (reading 'toString')
