[2025-09-22 13:03:01] ERROR: uncaughtException: exports is not defined in ES module scope
This file is being treated as an ES module because it has a '.js' file extension and 'C:\Users\Harshal\Desktop\showsnap\showsnap\backend\package.json' contains "type": "module". To treat it as a CommonJS script, rename it to use the '.cjs' file extension.
ReferenceError: exports is not defined in ES module scope
This file is being treated as an ES module because it has a '.js' file extension and 'C:\Users\Harshal\Desktop\showsnap\showsnap\backend\package.json' contains "type": "module". To treat it as a CommonJS script, rename it to use the '.cjs' file extension.
    at file:///C:/Users/Harshal/Desktop/showsnap/showsnap/backend/controllers/userController.js:155:1
    at ModuleJob.run (node:internal/modules/esm/module_job:329:25)
    at async onImport.tracePromise.__proto__ (node:internal/modules/esm/loader:644:26)
    at async asyncRunEntryPointWithESMLoader (node:internal/modules/run_main:117:5)
[2025-09-22 13:16:10] ERROR: uncaughtException: req is not defined
ReferenceError: req is not defined
    at file:///C:/Users/Harshal/Desktop/showsnap/showsnap/backend/controllers/userController.js:128:33
    at ModuleJob.run (node:internal/modules/esm/module_job:329:25)
    at async onImport.tracePromise.__proto__ (node:internal/modules/esm/loader:644:26)
    at async asyncRunEntryPointWithESMLoader (node:internal/modules/run_main:117:5)
[2025-09-23 00:32:13] ERROR: uncaughtException: resetPassword is not defined
ReferenceError: resetPassword is not defined
    at file:///C:/Users/Harshal/Desktop/showsnap/showsnap/backend/routes_files/userRoutes.js:19:39
    at ModuleJob.run (node:internal/modules/esm/module_job:329:25)
    at async onImport.tracePromise.__proto__ (node:internal/modules/esm/loader:644:26)
    at async asyncRunEntryPointWithESMLoader (node:internal/modules/run_main:117:5)
[2025-09-23 00:32:32] ERROR: uncaughtException: resetPassword is not defined
ReferenceError: resetPassword is not defined
    at file:///C:/Users/Harshal/Desktop/showsnap/showsnap/backend/routes_files/userRoutes.js:19:39
    at ModuleJob.run (node:internal/modules/esm/module_job:329:25)
    at async onImport.tracePromise.__proto__ (node:internal/modules/esm/loader:644:26)
    at async asyncRunEntryPointWithESMLoader (node:internal/modules/run_main:117:5)
[2025-09-23 00:36:00] ERROR: uncaughtException: resetPassword is not defined
ReferenceError: resetPassword is not defined
    at file:///C:/Users/Harshal/Desktop/showsnap/showsnap/backend/routes_files/userRoutes.js:19:39
    at ModuleJob.run (node:internal/modules/esm/module_job:329:25)
    at async onImport.tracePromise.__proto__ (node:internal/modules/esm/loader:644:26)
    at async asyncRunEntryPointWithESMLoader (node:internal/modules/run_main:117:5)
[2025-09-23 00:36:32] ERROR: uncaughtException: resetPassword is not defined
ReferenceError: resetPassword is not defined
    at file:///C:/Users/Harshal/Desktop/showsnap/showsnap/backend/routes_files/userRoutes.js:19:39
    at ModuleJob.run (node:internal/modules/esm/module_job:329:25)
    at async onImport.tracePromise.__proto__ (node:internal/modules/esm/loader:644:26)
    at async asyncRunEntryPointWithESMLoader (node:internal/modules/run_main:117:5)
[2025-09-23 00:37:00] ERROR: uncaughtException: resetPassword is not defined
ReferenceError: resetPassword is not defined
    at file:///C:/Users/Harshal/Desktop/showsnap/showsnap/backend/routes_files/userRoutes.js:19:39
    at ModuleJob.run (node:internal/modules/esm/module_job:329:25)
    at async onImport.tracePromise.__proto__ (node:internal/modules/esm/loader:644:26)
    at async asyncRunEntryPointWithESMLoader (node:internal/modules/run_main:117:5)
[2025-09-23 00:38:50] ERROR: uncaughtException: resetPassword is not defined
ReferenceError: resetPassword is not defined
    at file:///C:/Users/Harshal/Desktop/showsnap/showsnap/backend/routes_files/userRoutes.js:19:39
    at ModuleJob.run (node:internal/modules/esm/module_job:329:25)
    at async onImport.tracePromise.__proto__ (node:internal/modules/esm/loader:644:26)
    at async asyncRunEntryPointWithESMLoader (node:internal/modules/run_main:117:5)
[2025-09-23 00:40:30] ERROR: uncaughtException: resetPassword is not defined
ReferenceError: resetPassword is not defined
    at file:///C:/Users/Harshal/Desktop/showsnap/showsnap/backend/routes_files/userRoutes.js:19:39
    at ModuleJob.run (node:internal/modules/esm/module_job:329:25)
    at async onImport.tracePromise.__proto__ (node:internal/modules/esm/loader:644:26)
    at async asyncRunEntryPointWithESMLoader (node:internal/modules/run_main:117:5)
[2025-09-23 00:44:01] ERROR: uncaughtException: resetPassword is not defined
ReferenceError: resetPassword is not defined
    at file:///C:/Users/Harshal/Desktop/showsnap/showsnap/backend/routes_files/userRoutes.js:19:39
    at ModuleJob.run (node:internal/modules/esm/module_job:329:25)
    at async onImport.tracePromise.__proto__ (node:internal/modules/esm/loader:644:26)
    at async asyncRunEntryPointWithESMLoader (node:internal/modules/run_main:117:5)
[2025-09-23 00:44:43] ERROR: uncaughtException: resetPassword is not defined
ReferenceError: resetPassword is not defined
    at file:///C:/Users/Harshal/Desktop/showsnap/showsnap/backend/routes_files/userRoutes.js:19:39
    at ModuleJob.run (node:internal/modules/esm/module_job:329:25)
    at async onImport.tracePromise.__proto__ (node:internal/modules/esm/loader:644:26)
    at async asyncRunEntryPointWithESMLoader (node:internal/modules/run_main:117:5)
[2025-09-23 00:47:03] ERROR: uncaughtException: resetPassword is not defined
ReferenceError: resetPassword is not defined
    at file:///C:/Users/Harshal/Desktop/showsnap/showsnap/backend/routes_files/userRoutes.js:19:39
    at ModuleJob.run (node:internal/modules/esm/module_job:329:25)
    at async onImport.tracePromise.__proto__ (node:internal/modules/esm/loader:644:26)
    at async asyncRunEntryPointWithESMLoader (node:internal/modules/run_main:117:5)
[2025-09-23 00:47:32] ERROR: uncaughtException: resetPassword is not defined
ReferenceError: resetPassword is not defined
    at file:///C:/Users/Harshal/Desktop/showsnap/showsnap/backend/routes_files/userRoutes.js:19:39
    at ModuleJob.run (node:internal/modules/esm/module_job:329:25)
    at async onImport.tracePromise.__proto__ (node:internal/modules/esm/loader:644:26)
    at async asyncRunEntryPointWithESMLoader (node:internal/modules/run_main:117:5)
[2025-09-23 00:47:53] ERROR: uncaughtException: resetPassword is not defined
ReferenceError: resetPassword is not defined
    at file:///C:/Users/Harshal/Desktop/showsnap/showsnap/backend/routes_files/userRoutes.js:19:39
    at ModuleJob.run (node:internal/modules/esm/module_job:329:25)
    at async onImport.tracePromise.__proto__ (node:internal/modules/esm/loader:644:26)
    at async asyncRunEntryPointWithESMLoader (node:internal/modules/run_main:117:5)
[2025-09-23 00:49:10] ERROR: uncaughtException: resetPassword is not defined
ReferenceError: resetPassword is not defined
    at file:///C:/Users/Harshal/Desktop/showsnap/showsnap/backend/routes_files/userRoutes.js:19:39
    at ModuleJob.run (node:internal/modules/esm/module_job:329:25)
    at async onImport.tracePromise.__proto__ (node:internal/modules/esm/loader:644:26)
    at async asyncRunEntryPointWithESMLoader (node:internal/modules/run_main:117:5)
[2025-09-23 00:49:24] ERROR: uncaughtException: resetPassword is not defined
ReferenceError: resetPassword is not defined
    at file:///C:/Users/Harshal/Desktop/showsnap/showsnap/backend/routes_files/userRoutes.js:19:39
    at ModuleJob.run (node:internal/modules/esm/module_job:329:25)
    at async onImport.tracePromise.__proto__ (node:internal/modules/esm/loader:644:26)
    at async asyncRunEntryPointWithESMLoader (node:internal/modules/run_main:117:5)
